<?xml version="1.0" encoding="UTF-8"?>
<!-- Generated by org.testng.reporters.JUnitXMLReporter -->
<testsuite ignored="4" hostname="LAPTOP-1D7JHQSP" failures="4" tests="4" name="Test(failed)(failed)" time="0.123" errors="0" timestamp="2021-11-11T17:56:47 IST">
  <testcase classname="test_NG_suite.f1_a2" name="method4" time="0.067">
    <failure type="java.lang.AssertionError">
      <![CDATA[java.lang.AssertionError
at org.junit.Assert.fail(Assert.java:87)
at org.junit.Assert.fail(Assert.java:96)
at test_NG_suite.f1_a2.method4(f1_a2.java:21)
at java.base/java.util.ArrayList.forEach(ArrayList.java:1541)
... Removed 27 stack frames]]>
    </failure>
  </testcase> <!-- method4 -->
  <testcase classname="test_NG_suite.f1_a3" name="method5" time="0.0">
    <failure type="java.lang.AssertionError">
      <![CDATA[java.lang.AssertionError
at org.junit.Assert.fail(Assert.java:87)
at org.junit.Assert.fail(Assert.java:96)
at test_NG_suite.f1_a3.method5(f1_a3.java:12)
at java.base/java.util.ArrayList.forEach(ArrayList.java:1541)
... Removed 27 stack frames]]>
    </failure>
  </testcase> <!-- method5 -->
  <testcase classname="test_NG_suite.f1_a4" name="method8" time="0.001">
    <failure type="java.lang.AssertionError">
      <![CDATA[java.lang.AssertionError
at org.junit.Assert.fail(Assert.java:87)
at org.junit.Assert.fail(Assert.java:96)
at test_NG_suite.f1_a4.method8(f1_a4.java:20)
at java.base/java.util.ArrayList.forEach(ArrayList.java:1541)
... Removed 27 stack frames]]>
    </failure>
  </testcase> <!-- method8 -->
  <testcase classname="test_NG_suite.f1_a4" name="method10" time="0.001">
    <failure type="java.lang.AssertionError">
      <![CDATA[java.lang.AssertionError
at org.junit.Assert.fail(Assert.java:87)
at org.junit.Assert.fail(Assert.java:96)
at test_NG_suite.f1_a4.method10(f1_a4.java:35)
at java.base/java.util.ArrayList.forEach(ArrayList.java:1541)
... Removed 27 stack frames]]>
    </failure>
  </testcase> <!-- method10 -->
  <testcase classname="test_NG_suite.f1_a4" name="method7" time="0.0">
    <ignored/>
  </testcase> <!-- method7 -->
  <testcase classname="test_NG_suite.f1_a4" name="method9" time="0.0">
    <ignored/>
  </testcase> <!-- method9 -->
  <testcase classname="test_NG_suite.f1_a3" name="method6" time="0.0">
    <ignored/>
  </testcase> <!-- method6 -->
  <testcase classname="test_NG_suite.f1_a2" name="method3" time="0.0">
    <ignored/>
  </testcase> <!-- method3 -->
</testsuite> <!-- Test(failed)(failed) -->
