<?xml version="1.0" encoding="UTF-8"?>
<!-- Generated by org.testng.reporters.JUnitXMLReporter -->
<testsuite ignored="2" hostname="LAPTOP-1D7JHQSP" failures="2" tests="2" name="Test(failed)" time="0.186" errors="0" timestamp="2021-11-16T17:08:53 IST">
  <testcase classname="test_NG_suite.failed_1_sample3" name="tc6" time="0.112">
    <failure type="java.lang.AssertionError">
      <![CDATA[java.lang.AssertionError
at org.junit.Assert.fail(Assert.java:87)
at org.junit.Assert.fail(Assert.java:96)
at test_NG_suite.failed_1_sample3.tc6(failed_1_sample3.java:21)
at java.base/java.util.ArrayList.forEach(ArrayList.java:1541)
... Removed 27 stack frames]]>
    </failure>
  </testcase> <!-- tc6 -->
  <testcase classname="test_NG_suite.failed_1_sample1" name="tc2" time="0.001">
    <failure type="java.lang.AssertionError">
      <![CDATA[java.lang.AssertionError
at org.junit.Assert.fail(Assert.java:87)
at org.junit.Assert.fail(Assert.java:96)
at test_NG_suite.failed_1_sample1.tc2(failed_1_sample1.java:23)
at java.base/java.util.ArrayList.forEach(ArrayList.java:1541)
... Removed 27 stack frames]]>
    </failure>
  </testcase> <!-- tc2 -->
  <testcase classname="test_NG_suite.failed_1_sample3" name="tc5" time="0.0">
    <ignored/>
  </testcase> <!-- tc5 -->
  <testcase classname="test_NG_suite.failed_1_sample1" name="tc1" time="0.0">
    <ignored/>
  </testcase> <!-- tc1 -->
</testsuite> <!-- Test(failed) -->
