<?xml version="1.0" encoding="UTF-8"?>
<testng-results ignored="0" total="1" passed="1" failed="0" skipped="0">
  <reporter-output>
  </reporter-output>
  <suite started-at="2021-12-23T10:52:14 IST" name="Default suite" finished-at="2021-12-23T10:52:14 IST" duration-ms="183">
    <groups>
    </groups>
    <test started-at="2021-12-23T10:52:14 IST" name="Default test" finished-at="2021-12-23T10:52:14 IST" duration-ms="183">
      <class name="testNG_assert.sample5_assert_true">
        <test-method signature="m1()[pri:0, instance:testNG_assert.sample5_assert_true@59af0466]" started-at="2021-12-23T10:52:14 IST" name="m1" finished-at="2021-12-23T10:52:14 IST" duration-ms="118" status="PASS">
          <reporter-output>
          </reporter-output>
        </test-method> <!-- m1 -->
      </class> <!-- testNG_assert.sample5_assert_true -->
    </test> <!-- Default test -->
  </suite> <!-- Default suite -->
</testng-results>
